<?xml version="1.0" encoding="UTF-8"?>
<!-- Generated by org.testng.reporters.JUnitXMLReporter -->
<testsuite ignored="0" hostname="Hestabits-MacBook-Pro.local" failures="1" tests="1" name="safari test" time="28.99" errors="0" timestamp="2024-06-08T14:24:06 IST">
  <testcase classname="TestCases.TC_001_Login" name="verify_loginddt" time="17.839">
    <failure type="org.testng.internal.reflect.MethodMatcherException" message="
[public void TestCases.TC_001_Login.verify_loginddt(java.lang.String,java.lang.String)] has no parameters defined but was found to be using a data provider (either explicitly specified or inherited from class level annotation).
Data provider mismatch
Method: verify_loginddt([java.lang.String arg0, java.lang.String arg1])
Arguments: [(java.lang.String) Admin,(java.lang.String) admin123,(java.lang.String) Valid]">
      <![CDATA[org.testng.internal.reflect.MethodMatcherException: 
[public void TestCases.TC_001_Login.verify_loginddt(java.lang.String,java.lang.String)] has no parameters defined but was found to be using a data provider (either explicitly specified or inherited from class level annotation).
Data provider mismatch
Method: verify_loginddt([java.lang.String arg0, java.lang.String arg1])
Arguments: [(java.lang.String) Admin,(java.lang.String) admin123,(java.lang.String) Valid]
at java.base/java.util.ArrayList.forEach(ArrayList.java:1511)
... Removed 22 stack frames]]>
    </failure>
  </testcase> <!-- verify_loginddt -->
</testsuite> <!-- safari test -->
